<?xml version="1.0" encoding="UTF-8"?>
<!-- Generated by org.testng.reporters.JUnitReportReporter -->
<testsuite hostname="DESKTOP-GUPA5RI" failures="0" tests="2" name="LoginPageTest" time="0.475" errors="0" timestamp="2021-09-10T14:22:59 EDT" skipped="0">
  <testcase classname="LoginPageTest" name="deleteOperation" time="0.454"/>
  <system-out/>
  <testcase classname="LoginPageTest" name="CreateOperationTest" time="0.021"/>
  <system-out/>
</testsuite> <!-- LoginPageTest -->
